<?xml version="1.0" encoding="UTF-8"?>
<!-- Generated by org.testng.reporters.JUnitXMLReporter -->
<<<<<<< HEAD
<testsuite hostname="thomasmeon-Inspiron-5559" name="Surefire test" tests="3" failures="1" timestamp="26 Nov 2017 17:58:56 GMT" time="3.266" errors="0">
=======
<testsuite hostname="val-Inspiron-7548" name="Surefire test" tests="8" failures="1" timestamp="26 Nov 2017 17:34:02 GMT" time="3.408" errors="0">
  <testcase name="@BeforeMethod prepareTestBooking" time="0.0" classname="com.frenchies.tennisclub.BookingFacadeTest">
    <failure type="javax.validation.ConstraintViolationException" message="Validation failed for classes [com.frenchies.tennisclub.entity.User] during persist time for groups [javax.validation.groups.Default, ]
List of constraint violations:[
	ConstraintViolationImpl{interpolatedMessage=&amp;apos;may not be null&amp;apos;, propertyPath=mail, rootBeanClass=class com.frenchies.tennisclub.entity.User, messageTemplate=&amp;apos;{javax.validation.constraints.NotNull.message}&amp;apos;}
	ConstraintViolationImpl{interpolatedMessage=&amp;apos;may not be null&amp;apos;, propertyPath=login, rootBeanClass=class com.frenchies.tennisclub.entity.User, messageTemplate=&amp;apos;{javax.validation.constraints.NotNull.message}&amp;apos;}
]">
      <![CDATA[javax.validation.ConstraintViolationException: Validation failed for classes [com.frenchies.tennisclub.entity.User] during persist time for groups [javax.validation.groups.Default, ]
List of constraint violations:[
	ConstraintViolationImpl{interpolatedMessage='may not be null', propertyPath=mail, rootBeanClass=class com.frenchies.tennisclub.entity.User, messageTemplate='{javax.validation.constraints.NotNull.message}'}
	ConstraintViolationImpl{interpolatedMessage='may not be null', propertyPath=login, rootBeanClass=class com.frenchies.tennisclub.entity.User, messageTemplate='{javax.validation.constraints.NotNull.message}'}
]
	at org.hibernate.cfg.beanvalidation.BeanValidationEventListener.validate(BeanValidationEventListener.java:160)
	at org.hibernate.cfg.beanvalidation.BeanValidationEventListener.onPreInsert(BeanValidationEventListener.java:95)
	at org.hibernate.action.internal.EntityIdentityInsertAction.preInsert(EntityIdentityInsertAction.java:214)
	at org.hibernate.action.internal.EntityIdentityInsertAction.execute(EntityIdentityInsertAction.java:92)
	at org.hibernate.engine.spi.ActionQueue.execute(ActionQueue.java:492)
	at org.hibernate.engine.spi.ActionQueue.addResolvedEntityInsertAction(ActionQueue.java:197)
	at org.hibernate.engine.spi.ActionQueue.addInsertAction(ActionQueue.java:181)
	at org.hibernate.engine.spi.ActionQueue.addAction(ActionQueue.java:216)
	at org.hibernate.event.internal.AbstractSaveEventListener.addInsertAction(AbstractSaveEventListener.java:334)
	at org.hibernate.event.internal.AbstractSaveEventListener.performSaveOrReplicate(AbstractSaveEventListener.java:289)
	at org.hibernate.event.internal.AbstractSaveEventListener.performSave(AbstractSaveEventListener.java:195)
	at org.hibernate.event.internal.AbstractSaveEventListener.saveWithGeneratedId(AbstractSaveEventListener.java:126)
	at org.hibernate.jpa.event.internal.core.JpaPersistEventListener.saveWithGeneratedId(JpaPersistEventListener.java:84)
	at org.hibernate.event.internal.DefaultPersistEventListener.entityIsTransient(DefaultPersistEventListener.java:206)
	at org.hibernate.event.internal.DefaultPersistEventListener.onPersist(DefaultPersistEventListener.java:149)
	at org.hibernate.event.internal.DefaultPersistEventListener.onPersist(DefaultPersistEventListener.java:75)
	at org.hibernate.internal.SessionImpl.firePersist(SessionImpl.java:811)
	at org.hibernate.internal.SessionImpl.persist(SessionImpl.java:784)
	at org.hibernate.internal.SessionImpl.persist(SessionImpl.java:789)
	at org.hibernate.jpa.spi.AbstractEntityManagerImpl.persist(AbstractEntityManagerImpl.java:1181)
	at org.springframework.orm.jpa.SharedEntityManagerCreator$SharedEntityManagerInvocationHandler.invoke(SharedEntityManagerCreator.java:291)
	at com.sun.proxy.$Proxy43.persist(Unknown Source)
	at com.frenchies.tennisclub.dao.UserDaoImpl.create(UserDaoImpl.java:27)
	at com.frenchies.tennisclub.service.UserServiceImpl.registerUser(UserServiceImpl.java:30)
	at com.frenchies.tennisclub.service.facade.UserFacadeImpl.createUser(UserFacadeImpl.java:49)
	at org.springframework.aop.support.AopUtils.invokeJoinpointUsingReflection(AopUtils.java:317)
	at org.springframework.aop.framework.ReflectiveMethodInvocation.invokeJoinpoint(ReflectiveMethodInvocation.java:190)
	at org.springframework.aop.framework.ReflectiveMethodInvocation.proceed(ReflectiveMethodInvocation.java:157)
	at org.springframework.transaction.interceptor.TransactionInterceptor$1.proceedWithInvocation(TransactionInterceptor.java:99)
	at org.springframework.transaction.interceptor.TransactionAspectSupport.invokeWithinTransaction(TransactionAspectSupport.java:281)
	at org.springframework.transaction.interceptor.TransactionInterceptor.invoke(TransactionInterceptor.java:96)
	at org.springframework.aop.framework.ReflectiveMethodInvocation.proceed(ReflectiveMethodInvocation.java:179)
	at org.springframework.aop.framework.JdkDynamicAopProxy.invoke(JdkDynamicAopProxy.java:207)
	at com.sun.proxy.$Proxy49.createUser(Unknown Source)
	at com.frenchies.tennisclub.BookingFacadeTest.prepareTestBooking(BookingFacadeTest.java:81)
... Removed 38 stack frames]]>
    </failure>
  </testcase> <!-- @BeforeMethod prepareTestBooking -->
  <testcase name="@BeforeMethod springTestContextBeforeTestMethod" time="0.0" classname="com.frenchies.tennisclub.BookingFacadeTest">
    <skipped/>
  </testcase> <!-- @BeforeMethod springTestContextBeforeTestMethod -->
  <testcase name="@BeforeMethod prepareTestBooking" time="0.0" classname="com.frenchies.tennisclub.BookingFacadeTest">
    <skipped/>
  </testcase> <!-- @BeforeMethod prepareTestBooking -->
  <testcase name="@BeforeMethod springTestContextBeforeTestMethod" time="0.0" classname="com.frenchies.tennisclub.BookingFacadeTest">
    <skipped/>
  </testcase> <!-- @BeforeMethod springTestContextBeforeTestMethod -->
  <testcase name="@BeforeMethod prepareTestBooking" time="0.0" classname="com.frenchies.tennisclub.BookingFacadeTest">
    <skipped/>
  </testcase> <!-- @BeforeMethod prepareTestBooking -->
  <testcase name="@BeforeMethod springTestContextBeforeTestMethod" time="0.0" classname="com.frenchies.tennisclub.BookingFacadeTest">
    <skipped/>
  </testcase> <!-- @BeforeMethod springTestContextBeforeTestMethod -->
  <testcase name="@BeforeMethod prepareTestBooking" time="0.0" classname="com.frenchies.tennisclub.BookingFacadeTest">
    <skipped/>
  </testcase> <!-- @BeforeMethod prepareTestBooking -->
  <testcase name="@BeforeMethod springTestContextBeforeTestMethod" time="0.0" classname="com.frenchies.tennisclub.BookingFacadeTest">
    <skipped/>
  </testcase> <!-- @BeforeMethod springTestContextBeforeTestMethod -->
  <testcase name="@BeforeMethod prepareTestBooking" time="0.0" classname="com.frenchies.tennisclub.BookingFacadeTest">
    <skipped/>
  </testcase> <!-- @BeforeMethod prepareTestBooking -->
>>>>>>> f90907f1099e1200db986edd0462ce6b2ca469d2
  <testcase name="changeType" time="0.001" classname="com.frenchies.tennisclub.service.CourtServiceTest">
    <skipped/>
  </testcase> <!-- changeType -->
  <testcase name="mapping" time="0.092" classname="com.frenchies.tennisclub.service.BeanMappingServiceTest">
    <failure type="java.lang.AssertionError" message="expected [true] but found [false]">
      <![CDATA[java.lang.AssertionError: expected [true] but found [false]
	at com.frenchies.tennisclub.service.BeanMappingServiceTest.mapping(BeanMappingServiceTest.java:36)
	at org.springframework.test.context.testng.AbstractTestNGSpringContextTests.run(AbstractTestNGSpringContextTests.java:171)
... Removed 38 stack frames]]>
    </failure>
  </testcase> <!-- mapping -->
<<<<<<< HEAD
  <testcase name="getAllBookingsLastWeek" time="0.011" classname="com.frenchies.tennisclub.service.BookingServiceTest"/>
=======
  <testcase name="getAllBookingsLastWeek" time="0.02" classname="com.frenchies.tennisclub.service.BookingServiceTest"/>
  <testcase name="createBookingTest" time="0.001" classname="com.frenchies.tennisclub.BookingFacadeTest">
    <skipped/>
  </testcase> <!-- createBookingTest -->
  <testcase name="deleteBookingTest" time="0.0" classname="com.frenchies.tennisclub.BookingFacadeTest">
    <skipped/>
  </testcase> <!-- deleteBookingTest -->
  <testcase name="getAllBookingTest" time="0.0" classname="com.frenchies.tennisclub.BookingFacadeTest">
    <skipped/>
  </testcase> <!-- getAllBookingTest -->
  <testcase name="getBookingsByDateTest" time="0.0" classname="com.frenchies.tennisclub.BookingFacadeTest">
    <skipped/>
  </testcase> <!-- getBookingsByDateTest -->
  <testcase name="getBookingsByUserTest" time="0.0" classname="com.frenchies.tennisclub.BookingFacadeTest">
    <skipped/>
  </testcase> <!-- getBookingsByUserTest -->
>>>>>>> f90907f1099e1200db986edd0462ce6b2ca469d2
</testsuite> <!-- Surefire test -->
